     1 00000000                                 [FORMAT "WCOFF"]
     2 00000000                                 [INSTRSET "i486p"]
     3 00000000                                 [OPTIMIZE 1]
     4 00000000                                 [OPTION 1]
     5 00000000                                 [BITS 32]
     6 00000000                                 	EXTERN	_task_now
     7 00000000                                 	EXTERN	_boxfill8
     8 00000000                                 	EXTERN	_putfonts8_asc
     9 00000000                                 	EXTERN	_sheet_refresh
    10 00000000                                 [FILE "window.c"]
    11                                          [SECTION .text]
    12 00000000                                 	GLOBAL	_putfonts8_asc_sht
    13 00000000                                 _putfonts8_asc_sht:
    14 00000000 55                              	PUSH	EBP
    15 00000001 89 E5                           	MOV	EBP,ESP
    16 00000003 57                              	PUSH	EDI
    17 00000004 56                              	PUSH	ESI
    18 00000005 53                              	PUSH	EBX
    19 00000006 83 EC 18                        	SUB	ESP,24
    20 00000009 8B 45 08                        	MOV	EAX,DWORD [8+EBP]
    21 0000000C 8B 55 14                        	MOV	EDX,DWORD [20+EBP]
    22 0000000F 89 45 F0                        	MOV	DWORD [-16+EBP],EAX
    23 00000012 89 55 EC                        	MOV	DWORD [-20+EBP],EDX
    24 00000015 8B 45 1C                        	MOV	EAX,DWORD [28+EBP]
    25 00000018 8B 55 20                        	MOV	EDX,DWORD [32+EBP]
    26 0000001B 89 55 E4                        	MOV	DWORD [-28+EBP],EDX
    27 0000001E 89 45 E8                        	MOV	DWORD [-24+EBP],EAX
    28 00000021 8B 75 0C                        	MOV	ESI,DWORD [12+EBP]
    29 00000024 8B 7D 10                        	MOV	EDI,DWORD [16+EBP]
    30 00000027 8B 5D 18                        	MOV	EBX,DWORD [24+EBP]
    31 0000002A E8 [00000000]                   	CALL	_task_now
    32 0000002F 0F B6 DB                        	MOVZX	EBX,BL
    33 00000032 89 45 E0                        	MOV	DWORD [-32+EBP],EAX
    34 00000035 8D 47 0F                        	LEA	EAX,DWORD [15+EDI]
    35 00000038 50                              	PUSH	EAX
    36 00000039 8B 45 E4                        	MOV	EAX,DWORD [-28+EBP]
    37 0000003C 8D 04 C6                        	LEA	EAX,DWORD [ESI+EAX*8]
    38 0000003F 89 45 DC                        	MOV	DWORD [-36+EBP],EAX
    39 00000042 48                              	DEC	EAX
    40 00000043 50                              	PUSH	EAX
    41 00000044 57                              	PUSH	EDI
    42 00000045 56                              	PUSH	ESI
    43 00000046 53                              	PUSH	EBX
    44 00000047 8B 55 F0                        	MOV	EDX,DWORD [-16+EBP]
    45 0000004A FF 72 04                        	PUSH	DWORD [4+EDX]
    46 0000004D FF 32                           	PUSH	DWORD [EDX]
    47 0000004F E8 [00000000]                   	CALL	_boxfill8
    48 00000054 FF 75 E8                        	PUSH	DWORD [-24+EBP]
    49 00000057 0F BE 45 EC                     	MOVSX	EAX,BYTE [-20+EBP]
    50 0000005B 50                              	PUSH	EAX
    51 0000005C 57                              	PUSH	EDI
    52 0000005D 56                              	PUSH	ESI
    53 0000005E 8B 45 F0                        	MOV	EAX,DWORD [-16+EBP]
    54 00000061 FF 70 04                        	PUSH	DWORD [4+EAX]
    55 00000064 FF 30                           	PUSH	DWORD [EAX]
    56 00000066 E8 [00000000]                   	CALL	_putfonts8_asc
    57 0000006B 8B 55 E0                        	MOV	EDX,DWORD [-32+EBP]
    58 0000006E 83 C4 34                        	ADD	ESP,52
    59 00000071 80 BA 000000BC 00               	CMP	BYTE [188+EDX],0
    60 00000078 74 09                           	JE	L2
    61 0000007A 80 BA 000000BD 00               	CMP	BYTE [189+EDX],0
    62 00000081 75 27                           	JNE	L5
    63 00000083                                 L2:
    64 00000083 8B 55 E4                        	MOV	EDX,DWORD [-28+EBP]
    65 00000086 8D 47 10                        	LEA	EAX,DWORD [16+EDI]
    66 00000089 89 45 18                        	MOV	DWORD [24+EBP],EAX
    67 0000008C 89 7D 10                        	MOV	DWORD [16+EBP],EDI
    68 0000008F 8D 04 D6                        	LEA	EAX,DWORD [ESI+EDX*8]
    69 00000092 89 75 0C                        	MOV	DWORD [12+EBP],ESI
    70 00000095 89 45 14                        	MOV	DWORD [20+EBP],EAX
    71 00000098 8B 45 F0                        	MOV	EAX,DWORD [-16+EBP]
    72 0000009B 89 45 08                        	MOV	DWORD [8+EBP],EAX
    73 0000009E                                 L4:
    74 0000009E 8D 65 F4                        	LEA	ESP,DWORD [-12+EBP]
    75 000000A1 5B                              	POP	EBX
    76 000000A2 5E                              	POP	ESI
    77 000000A3 5F                              	POP	EDI
    78 000000A4 5D                              	POP	EBP
    79 000000A5 E9 [00000000]                   	JMP	_sheet_refresh
    80 000000AA                                 L5:
    81 000000AA 8D 47 10                        	LEA	EAX,DWORD [16+EDI]
    82 000000AD 8B 55 F0                        	MOV	EDX,DWORD [-16+EBP]
    83 000000B0 89 45 18                        	MOV	DWORD [24+EBP],EAX
    84 000000B3 89 7D 10                        	MOV	DWORD [16+EBP],EDI
    85 000000B6 8B 45 DC                        	MOV	EAX,DWORD [-36+EBP]
    86 000000B9 89 55 08                        	MOV	DWORD [8+EBP],EDX
    87 000000BC 89 45 14                        	MOV	DWORD [20+EBP],EAX
    88 000000BF 8D 46 F8                        	LEA	EAX,DWORD [-8+ESI]
    89 000000C2 89 45 0C                        	MOV	DWORD [12+EBP],EAX
    90 000000C5 EB D7                           	JMP	L4
    91 000000C7                                 	GLOBAL	_make_window8
    92 000000C7                                 _make_window8:
    93 000000C7 55                              	PUSH	EBP
    94 000000C8 89 E5                           	MOV	EBP,ESP
    95 000000CA 57                              	PUSH	EDI
    96 000000CB 56                              	PUSH	ESI
    97 000000CC 53                              	PUSH	EBX
    98 000000CD 83 EC 18                        	SUB	ESP,24
    99 000000D0 8B 45 10                        	MOV	EAX,DWORD [16+EBP]
   100 000000D3 8B 5D 0C                        	MOV	EBX,DWORD [12+EBP]
   101 000000D6 89 45 F0                        	MOV	DWORD [-16+EBP],EAX
   102 000000D9 8B 75 08                        	MOV	ESI,DWORD [8+EBP]
   103 000000DC 8B 45 14                        	MOV	EAX,DWORD [20+EBP]
   104 000000DF 89 45 EC                        	MOV	DWORD [-20+EBP],EAX
   105 000000E2 0F BE 45 18                     	MOVSX	EAX,BYTE [24+EBP]
   106 000000E6 89 45 E8                        	MOV	DWORD [-24+EBP],EAX
   107 000000E9 8D 43 FF                        	LEA	EAX,DWORD [-1+EBX]
   108 000000EC 6A 00                           	PUSH	0
   109 000000EE 89 45 E4                        	MOV	DWORD [-28+EBP],EAX
   110 000000F1 50                              	PUSH	EAX
   111 000000F2 6A 00                           	PUSH	0
   112 000000F4 6A 00                           	PUSH	0
   113 000000F6 6A 08                           	PUSH	8
   114 000000F8 53                              	PUSH	EBX
   115 000000F9 56                              	PUSH	ESI
   116 000000FA E8 [00000000]                   	CALL	_boxfill8
   117 000000FF 8D 43 FE                        	LEA	EAX,DWORD [-2+EBX]
   118 00000102 6A 01                           	PUSH	1
   119 00000104 89 45 E0                        	MOV	DWORD [-32+EBP],EAX
   120 00000107 50                              	PUSH	EAX
   121 00000108 6A 01                           	PUSH	1
   122 0000010A 6A 01                           	PUSH	1
   123 0000010C 6A 07                           	PUSH	7
   124 0000010E 53                              	PUSH	EBX
   125 0000010F 56                              	PUSH	ESI
   126 00000110 E8 [00000000]                   	CALL	_boxfill8
   127 00000115 8B 45 F0                        	MOV	EAX,DWORD [-16+EBP]
   128 00000118 83 C4 38                        	ADD	ESP,56
   129 0000011B 48                              	DEC	EAX
   130 0000011C 89 45 DC                        	MOV	DWORD [-36+EBP],EAX
   131 0000011F 50                              	PUSH	EAX
   132 00000120 6A 00                           	PUSH	0
   133 00000122 6A 00                           	PUSH	0
   134 00000124 6A 00                           	PUSH	0
   135 00000126 6A 08                           	PUSH	8
   136 00000128 53                              	PUSH	EBX
   137 00000129 56                              	PUSH	ESI
   138 0000012A E8 [00000000]                   	CALL	_boxfill8
   139 0000012F 8B 7D F0                        	MOV	EDI,DWORD [-16+EBP]
   140 00000132 83 EF 02                        	SUB	EDI,2
   141 00000135 57                              	PUSH	EDI
   142 00000136 6A 01                           	PUSH	1
   143 00000138 6A 01                           	PUSH	1
   144 0000013A 6A 01                           	PUSH	1
   145 0000013C 6A 07                           	PUSH	7
   146 0000013E 53                              	PUSH	EBX
   147 0000013F 56                              	PUSH	ESI
   148 00000140 E8 [00000000]                   	CALL	_boxfill8
   149 00000145 83 C4 38                        	ADD	ESP,56
   150 00000148 57                              	PUSH	EDI
   151 00000149 FF 75 E0                        	PUSH	DWORD [-32+EBP]
   152 0000014C 6A 01                           	PUSH	1
   153 0000014E FF 75 E0                        	PUSH	DWORD [-32+EBP]
   154 00000151 6A 0F                           	PUSH	15
   155 00000153 53                              	PUSH	EBX
   156 00000154 56                              	PUSH	ESI
   157 00000155 E8 [00000000]                   	CALL	_boxfill8
   158 0000015A FF 75 DC                        	PUSH	DWORD [-36+EBP]
   159 0000015D FF 75 E4                        	PUSH	DWORD [-28+EBP]
   160 00000160 6A 00                           	PUSH	0
   161 00000162 FF 75 E4                        	PUSH	DWORD [-28+EBP]
   162 00000165 6A 00                           	PUSH	0
   163 00000167 53                              	PUSH	EBX
   164 00000168 56                              	PUSH	ESI
   165 00000169 E8 [00000000]                   	CALL	_boxfill8
   166 0000016E 8B 45 F0                        	MOV	EAX,DWORD [-16+EBP]
   167 00000171 83 C4 38                        	ADD	ESP,56
   168 00000174 83 E8 03                        	SUB	EAX,3
   169 00000177 50                              	PUSH	EAX
   170 00000178 8D 43 FD                        	LEA	EAX,DWORD [-3+EBX]
   171 0000017B 50                              	PUSH	EAX
   172 0000017C 6A 02                           	PUSH	2
   173 0000017E 6A 02                           	PUSH	2
   174 00000180 6A 08                           	PUSH	8
   175 00000182 53                              	PUSH	EBX
   176 00000183 56                              	PUSH	ESI
   177 00000184 E8 [00000000]                   	CALL	_boxfill8
   178 00000189 57                              	PUSH	EDI
   179 0000018A FF 75 E0                        	PUSH	DWORD [-32+EBP]
   180 0000018D 57                              	PUSH	EDI
   181 0000018E 6A 01                           	PUSH	1
   182 00000190 6A 0F                           	PUSH	15
   183 00000192 53                              	PUSH	EBX
   184 00000193 56                              	PUSH	ESI
   185 00000194 E8 [00000000]                   	CALL	_boxfill8
   186 00000199 83 C4 38                        	ADD	ESP,56
   187 0000019C FF 75 DC                        	PUSH	DWORD [-36+EBP]
   188 0000019F FF 75 E4                        	PUSH	DWORD [-28+EBP]
   189 000001A2 FF 75 DC                        	PUSH	DWORD [-36+EBP]
   190 000001A5 6A 00                           	PUSH	0
   191 000001A7 6A 00                           	PUSH	0
   192 000001A9 53                              	PUSH	EBX
   193 000001AA 56                              	PUSH	ESI
   194 000001AB E8 [00000000]                   	CALL	_boxfill8
   195 000001B0 89 75 08                        	MOV	DWORD [8+EBP],ESI
   196 000001B3 8B 45 E8                        	MOV	EAX,DWORD [-24+EBP]
   197 000001B6 89 5D 0C                        	MOV	DWORD [12+EBP],EBX
   198 000001B9 89 45 14                        	MOV	DWORD [20+EBP],EAX
   199 000001BC 83 C4 1C                        	ADD	ESP,28
   200 000001BF 8B 45 EC                        	MOV	EAX,DWORD [-20+EBP]
   201 000001C2 89 45 10                        	MOV	DWORD [16+EBP],EAX
   202 000001C5 8D 65 F4                        	LEA	ESP,DWORD [-12+EBP]
   203 000001C8 5B                              	POP	EBX
   204 000001C9 5E                              	POP	ESI
   205 000001CA 5F                              	POP	EDI
   206 000001CB 5D                              	POP	EBP
   207 000001CC EB 00                           	JMP	_make_wtitle8
   208                                          [SECTION .data]
   209 00000000                                 _closebtn.0:
   210 00000000 4F 4F 4F 4F 4F 4F 4F 4F 4F 4F   	DB	"OOOOOOOOOOOOOOO@"
       0000000A 4F 4F 4F 4F 4F 40 
   211 00000010 4F 51 51 51 51 51 51 51 51 51   	DB	"OQQQQQQQQQQQQQ$@"
       0000001A 51 51 51 51 24 40 
   212 00000020 4F 51 51 51 51 51 51 51 51 51   	DB	"OQQQQQQQQQQQQQ$@"
       0000002A 51 51 51 51 24 40 
   213 00000030 4F 51 51 51 40 40 51 51 51 51   	DB	"OQQQ@@QQQQ@@QQ$@"
       0000003A 40 40 51 51 24 40 
   214 00000040 4F 51 51 51 51 40 40 51 51 40   	DB	"OQQQQ@@QQ@@QQQ$@"
       0000004A 40 51 51 51 24 40 
   215 00000050 4F 51 51 51 51 51 40 40 40 40   	DB	"OQQQQQ@@@@QQQQ$@"
       0000005A 51 51 51 51 24 40 
   216 00000060 4F 51 51 51 51 51 51 40 40 51   	DB	"OQQQQQQ@@QQQQQ$@"
       0000006A 51 51 51 51 24 40 
   217 00000070 4F 51 51 51 51 51 40 40 40 40   	DB	"OQQQQQ@@@@QQQQ$@"
       0000007A 51 51 51 51 24 40 
   218 00000080 4F 51 51 51 51 40 40 51 51 40   	DB	"OQQQQ@@QQ@@QQQ$@"
       0000008A 40 51 51 51 24 40 
   219 00000090 4F 51 51 51 40 40 51 51 51 51   	DB	"OQQQ@@QQQQ@@QQ$@"
       0000009A 40 40 51 51 24 40 
   220 000000A0 4F 51 51 51 51 51 51 51 51 51   	DB	"OQQQQQQQQQQQQQ$@"
       000000AA 51 51 51 51 24 40 
   221 000000B0 4F 51 51 51 51 51 51 51 51 51   	DB	"OQQQQQQQQQQQQQ$@"
       000000BA 51 51 51 51 24 40 
   222 000000C0 4F 24 24 24 24 24 24 24 24 24   	DB	"O$$$$$$$$$$$$$$@"
       000000CA 24 24 24 24 24 40 
   223 000000D0 40 40 40 40 40 40 40 40 40 40   	DB	"@@@@@@@@@@@@@@@@"
       000000DA 40 40 40 40 40 40 
   224                                          [SECTION .text]
   225 000001CE                                 	GLOBAL	_make_wtitle8
   226 000001CE                                 _make_wtitle8:
   227 000001CE 55                              	PUSH	EBP
   228 000001CF 89 E5                           	MOV	EBP,ESP
   229 000001D1 57                              	PUSH	EDI
   230 000001D2 56                              	PUSH	ESI
   231 000001D3 53                              	PUSH	EBX
   232 000001D4 50                              	PUSH	EAX
   233 000001D5 80 7D 14 00                     	CMP	BYTE [20+EBP],0
   234 000001D9 0F 84 00000097                  	JE	L8
   235 000001DF B3 07                           	MOV	BL,7
   236 000001E1 B2 0C                           	MOV	DL,12
   237 000001E3                                 L9:
   238 000001E3 8B 45 0C                        	MOV	EAX,DWORD [12+EBP]
   239 000001E6 6A 14                           	PUSH	20
   240 000001E8 83 E8 04                        	SUB	EAX,4
   241 000001EB 31 FF                           	XOR	EDI,EDI
   242 000001ED 50                              	PUSH	EAX
   243 000001EE 6A 03                           	PUSH	3
   244 000001F0 6A 03                           	PUSH	3
   245 000001F2 0F B6 C2                        	MOVZX	EAX,DL
   246 000001F5 50                              	PUSH	EAX
   247 000001F6 FF 75 0C                        	PUSH	DWORD [12+EBP]
   248 000001F9 FF 75 08                        	PUSH	DWORD [8+EBP]
   249 000001FC E8 [00000000]                   	CALL	_boxfill8
   250 00000201 FF 75 10                        	PUSH	DWORD [16+EBP]
   251 00000204 0F BE C3                        	MOVSX	EAX,BL
   252 00000207 50                              	PUSH	EAX
   253 00000208 6A 04                           	PUSH	4
   254 0000020A 6A 18                           	PUSH	24
   255 0000020C FF 75 0C                        	PUSH	DWORD [12+EBP]
   256 0000020F FF 75 08                        	PUSH	DWORD [8+EBP]
   257 00000212 E8 [00000000]                   	CALL	_putfonts8_asc
   258 00000217 83 C4 34                        	ADD	ESP,52
   259 0000021A 6B 5D 0C 05                     	IMUL	EBX,DWORD [12+EBP],5
   260 0000021E C7 45 F0 00000000               	MOV	DWORD [-16+EBP],0
   261 00000225                                 L25:
   262 00000225 8B 45 0C                        	MOV	EAX,DWORD [12+EBP]
   263 00000228 8B 55 08                        	MOV	EDX,DWORD [8+EBP]
   264 0000022B 01 D8                           	ADD	EAX,EBX
   265 0000022D 31 F6                           	XOR	ESI,ESI
   266 0000022F 8D 4C 02 EB                     	LEA	ECX,DWORD [-21+EDX+EAX*1]
   267 00000233                                 L24:
   268 00000233 8A 94 3E [00000000]             	MOV	DL,BYTE [_closebtn.0+ESI+EDI*1]
   269 0000023A 80 FA 40                        	CMP	DL,64
   270 0000023D 74 33                           	JE	L30
   271 0000023F 80 FA 24                        	CMP	DL,36
   272 00000242 74 2A                           	JE	L31
   273 00000244 80 FA 51                        	CMP	DL,81
   274 00000247 B2 08                           	MOV	DL,8
   275 00000249 0F 95 C0                        	SETNE	AL
   276 0000024C 28 C2                           	SUB	DL,AL
   277 0000024E                                 L19:
   278 0000024E 46                              	INC	ESI
   279 0000024F 88 11                           	MOV	BYTE [ECX],DL
   280 00000251 41                              	INC	ECX
   281 00000252 83 FE 0F                        	CMP	ESI,15
   282 00000255 7E DC                           	JLE	L24
   283 00000257 FF 45 F0                        	INC	DWORD [-16+EBP]
   284 0000025A 83 C7 10                        	ADD	EDI,16
   285 0000025D 03 5D 0C                        	ADD	EBX,DWORD [12+EBP]
   286 00000260 83 7D F0 0D                     	CMP	DWORD [-16+EBP],13
   287 00000264 7E BF                           	JLE	L25
   288 00000266 8D 65 F4                        	LEA	ESP,DWORD [-12+EBP]
   289 00000269 5B                              	POP	EBX
   290 0000026A 5E                              	POP	ESI
   291 0000026B 5F                              	POP	EDI
   292 0000026C 5D                              	POP	EBP
   293 0000026D C3                              	RET
   294 0000026E                                 L31:
   295 0000026E B2 0F                           	MOV	DL,15
   296 00000270 EB DC                           	JMP	L19
   297 00000272                                 L30:
   298 00000272 31 D2                           	XOR	EDX,EDX
   299 00000274 EB D8                           	JMP	L19
   300 00000276                                 L8:
   301 00000276 B3 08                           	MOV	BL,8
   302 00000278 B2 0F                           	MOV	DL,15
   303 0000027A E9 FFFFFF64                     	JMP	L9
   304 0000027F                                 	GLOBAL	_make_textbox8
   305 0000027F                                 _make_textbox8:
   306 0000027F 55                              	PUSH	EBP
   307 00000280 89 E5                           	MOV	EBP,ESP
   308 00000282 57                              	PUSH	EDI
   309 00000283 56                              	PUSH	ESI
   310 00000284 53                              	PUSH	EBX
   311 00000285 83 EC 14                        	SUB	ESP,20
   312 00000288 8B 45 0C                        	MOV	EAX,DWORD [12+EBP]
   313 0000028B 8B 75 10                        	MOV	ESI,DWORD [16+EBP]
   314 0000028E 03 45 14                        	ADD	EAX,DWORD [20+EBP]
   315 00000291 83 EE 03                        	SUB	ESI,3
   316 00000294 56                              	PUSH	ESI
   317 00000295 89 45 F0                        	MOV	DWORD [-16+EBP],EAX
   318 00000298 8B 45 10                        	MOV	EAX,DWORD [16+EBP]
   319 0000029B 03 45 18                        	ADD	EAX,DWORD [24+EBP]
   320 0000029E 89 45 EC                        	MOV	DWORD [-20+EBP],EAX
   321 000002A1 8B 45 F0                        	MOV	EAX,DWORD [-16+EBP]
   322 000002A4 40                              	INC	EAX
   323 000002A5 50                              	PUSH	EAX
   324 000002A6 89 45 E8                        	MOV	DWORD [-24+EBP],EAX
   325 000002A9 8B 45 0C                        	MOV	EAX,DWORD [12+EBP]
   326 000002AC 56                              	PUSH	ESI
   327 000002AD 83 E8 02                        	SUB	EAX,2
   328 000002B0 50                              	PUSH	EAX
   329 000002B1 89 45 E4                        	MOV	DWORD [-28+EBP],EAX
   330 000002B4 8B 45 08                        	MOV	EAX,DWORD [8+EBP]
   331 000002B7 6A 0F                           	PUSH	15
   332 000002B9 FF 70 04                        	PUSH	DWORD [4+EAX]
   333 000002BC FF 30                           	PUSH	DWORD [EAX]
   334 000002BE E8 [00000000]                   	CALL	_boxfill8
   335 000002C3 8B 7D 0C                        	MOV	EDI,DWORD [12+EBP]
   336 000002C6 8B 45 EC                        	MOV	EAX,DWORD [-20+EBP]
   337 000002C9 83 EF 03                        	SUB	EDI,3
   338 000002CC 40                              	INC	EAX
   339 000002CD 50                              	PUSH	EAX
   340 000002CE 89 45 E0                        	MOV	DWORD [-32+EBP],EAX
   341 000002D1 57                              	PUSH	EDI
   342 000002D2 8B 45 08                        	MOV	EAX,DWORD [8+EBP]
   343 000002D5 56                              	PUSH	ESI
   344 000002D6 57                              	PUSH	EDI
   345 000002D7 6A 0F                           	PUSH	15
   346 000002D9 FF 70 04                        	PUSH	DWORD [4+EAX]
   347 000002DC FF 30                           	PUSH	DWORD [EAX]
   348 000002DE E8 [00000000]                   	CALL	_boxfill8
   349 000002E3 8B 45 08                        	MOV	EAX,DWORD [8+EBP]
   350 000002E6 83 C4 38                        	ADD	ESP,56
   351 000002E9 8B 5D EC                        	MOV	EBX,DWORD [-20+EBP]
   352 000002EC 83 C3 02                        	ADD	EBX,2
   353 000002EF 53                              	PUSH	EBX
   354 000002F0 FF 75 E8                        	PUSH	DWORD [-24+EBP]
   355 000002F3 53                              	PUSH	EBX
   356 000002F4 57                              	PUSH	EDI
   357 000002F5 6A 07                           	PUSH	7
   358 000002F7 FF 70 04                        	PUSH	DWORD [4+EAX]
   359 000002FA FF 30                           	PUSH	DWORD [EAX]
   360 000002FC E8 [00000000]                   	CALL	_boxfill8
   361 00000301 8B 45 F0                        	MOV	EAX,DWORD [-16+EBP]
   362 00000304 53                              	PUSH	EBX
   363 00000305 83 C0 02                        	ADD	EAX,2
   364 00000308 50                              	PUSH	EAX
   365 00000309 56                              	PUSH	ESI
   366 0000030A 50                              	PUSH	EAX
   367 0000030B 8B 45 08                        	MOV	EAX,DWORD [8+EBP]
   368 0000030E 6A 07                           	PUSH	7
   369 00000310 FF 70 04                        	PUSH	DWORD [4+EAX]
   370 00000313 FF 30                           	PUSH	DWORD [EAX]
   371 00000315 E8 [00000000]                   	CALL	_boxfill8
   372 0000031A 8B 45 08                        	MOV	EAX,DWORD [8+EBP]
   373 0000031D 83 C4 38                        	ADD	ESP,56
   374 00000320 8B 5D 10                        	MOV	EBX,DWORD [16+EBP]
   375 00000323 83 EB 02                        	SUB	EBX,2
   376 00000326 8B 7D 0C                        	MOV	EDI,DWORD [12+EBP]
   377 00000329 53                              	PUSH	EBX
   378 0000032A 4F                              	DEC	EDI
   379 0000032B FF 75 F0                        	PUSH	DWORD [-16+EBP]
   380 0000032E 53                              	PUSH	EBX
   381 0000032F 57                              	PUSH	EDI
   382 00000330 6A 00                           	PUSH	0
   383 00000332 FF 70 04                        	PUSH	DWORD [4+EAX]
   384 00000335 FF 30                           	PUSH	DWORD [EAX]
   385 00000337 E8 [00000000]                   	CALL	_boxfill8
   386 0000033C 8B 45 08                        	MOV	EAX,DWORD [8+EBP]
   387 0000033F FF 75 EC                        	PUSH	DWORD [-20+EBP]
   388 00000342 FF 75 E4                        	PUSH	DWORD [-28+EBP]
   389 00000345 53                              	PUSH	EBX
   390 00000346 FF 75 E4                        	PUSH	DWORD [-28+EBP]
   391 00000349 6A 00                           	PUSH	0
   392 0000034B FF 70 04                        	PUSH	DWORD [4+EAX]
   393 0000034E FF 30                           	PUSH	DWORD [EAX]
   394 00000350 E8 [00000000]                   	CALL	_boxfill8
   395 00000355 8B 45 08                        	MOV	EAX,DWORD [8+EBP]
   396 00000358 83 C4 38                        	ADD	ESP,56
   397 0000035B FF 75 E0                        	PUSH	DWORD [-32+EBP]
   398 0000035E FF 75 F0                        	PUSH	DWORD [-16+EBP]
   399 00000361 FF 75 E0                        	PUSH	DWORD [-32+EBP]
   400 00000364 FF 75 E4                        	PUSH	DWORD [-28+EBP]
   401 00000367 6A 08                           	PUSH	8
   402 00000369 FF 70 04                        	PUSH	DWORD [4+EAX]
   403 0000036C FF 30                           	PUSH	DWORD [EAX]
   404 0000036E E8 [00000000]                   	CALL	_boxfill8
   405 00000373 8B 45 08                        	MOV	EAX,DWORD [8+EBP]
   406 00000376 FF 75 E0                        	PUSH	DWORD [-32+EBP]
   407 00000379 FF 75 E8                        	PUSH	DWORD [-24+EBP]
   408 0000037C 53                              	PUSH	EBX
   409 0000037D FF 75 E8                        	PUSH	DWORD [-24+EBP]
   410 00000380 6A 08                           	PUSH	8
   411 00000382 FF 70 04                        	PUSH	DWORD [4+EAX]
   412 00000385 FF 30                           	PUSH	DWORD [EAX]
   413 00000387 E8 [00000000]                   	CALL	_boxfill8
   414 0000038C 8B 45 10                        	MOV	EAX,DWORD [16+EBP]
   415 0000038F 83 C4 38                        	ADD	ESP,56
   416 00000392 48                              	DEC	EAX
   417 00000393 FF 75 EC                        	PUSH	DWORD [-20+EBP]
   418 00000396 FF 75 F0                        	PUSH	DWORD [-16+EBP]
   419 00000399 50                              	PUSH	EAX
   420 0000039A 57                              	PUSH	EDI
   421 0000039B 0F B6 45 1C                     	MOVZX	EAX,BYTE [28+EBP]
   422 0000039F 50                              	PUSH	EAX
   423 000003A0 8B 45 08                        	MOV	EAX,DWORD [8+EBP]
   424 000003A3 FF 70 04                        	PUSH	DWORD [4+EAX]
   425 000003A6 FF 30                           	PUSH	DWORD [EAX]
   426 000003A8 E8 [00000000]                   	CALL	_boxfill8
   427 000003AD 8D 65 F4                        	LEA	ESP,DWORD [-12+EBP]
   428 000003B0 5B                              	POP	EBX
   429 000003B1 5E                              	POP	ESI
   430 000003B2 5F                              	POP	EDI
   431 000003B3 5D                              	POP	EBP
   432 000003B4 C3                              	RET
   433 000003B5                                 	GLOBAL	_change_wtitle8
   434 000003B5                                 _change_wtitle8:
   435 000003B5 55                              	PUSH	EBP
   436 000003B6 89 E5                           	MOV	EBP,ESP
   437 000003B8 57                              	PUSH	EDI
   438 000003B9 56                              	PUSH	ESI
   439 000003BA 53                              	PUSH	EBX
   440 000003BB 83 EC 14                        	SUB	ESP,20
   441 000003BE 8B 45 08                        	MOV	EAX,DWORD [8+EBP]
   442 000003C1 80 7D 0C 00                     	CMP	BYTE [12+EBP],0
   443 000003C5 8B 10                           	MOV	EDX,DWORD [EAX]
   444 000003C7 8B 48 04                        	MOV	ECX,DWORD [4+EAX]
   445 000003CA 89 55 E4                        	MOV	DWORD [-28+EBP],EDX
   446 000003CD 0F 84 00000088                  	JE	L34
   447 000003D3 C6 45 EB 07                     	MOV	BYTE [-21+EBP],7
   448 000003D7 C6 45 EA 0C                     	MOV	BYTE [-22+EBP],12
   449 000003DB C6 45 E9 08                     	MOV	BYTE [-23+EBP],8
   450 000003DF C6 45 E8 0F                     	MOV	BYTE [-24+EBP],15
   451 000003E3                                 L35:
   452 000003E3 6B F9 03                        	IMUL	EDI,ECX,3
   453 000003E6 C7 45 EC 00000011               	MOV	DWORD [-20+EBP],17
   454 000003ED 89 7D E0                        	MOV	DWORD [-32+EBP],EDI
   455 000003F0                                 L48:
   456 000003F0 C7 45 F0 00000003               	MOV	DWORD [-16+EBP],3
   457 000003F7 8D 41 FC                        	LEA	EAX,DWORD [-4+ECX]
   458 000003FA 39 45 F0                        	CMP	DWORD [-16+EBP],EAX
   459 000003FD 7F 29                           	JG	L52
   460 000003FF 8B 45 E4                        	MOV	EAX,DWORD [-28+EBP]
   461 00000402 8B 55 E0                        	MOV	EDX,DWORD [-32+EBP]
   462 00000405 8D 74 38 03                     	LEA	ESI,DWORD [3+EAX+EDI*1]
   463 00000409 8D 5C 10 03                     	LEA	EBX,DWORD [3+EAX+EDX*1]
   464 0000040D                                 L47:
   465 0000040D 8A 13                           	MOV	DL,BYTE [EBX]
   466 0000040F 3A 55 E9                        	CMP	DL,BYTE [-23+EBP]
   467 00000412 74 3A                           	JE	L53
   468 00000414                                 L44:
   469 00000414 3A 55 E8                        	CMP	DL,BYTE [-24+EBP]
   470 00000417 74 30                           	JE	L54
   471 00000419                                 L45:
   472 00000419 88 16                           	MOV	BYTE [ESI],DL
   473 0000041B 8D 41 FC                        	LEA	EAX,DWORD [-4+ECX]
   474 0000041E FF 45 F0                        	INC	DWORD [-16+EBP]
   475 00000421 46                              	INC	ESI
   476 00000422 43                              	INC	EBX
   477 00000423 39 45 F0                        	CMP	DWORD [-16+EBP],EAX
   478 00000426 7E E5                           	JLE	L47
   479 00000428                                 L52:
   480 00000428 01 CF                           	ADD	EDI,ECX
   481 0000042A 01 4D E0                        	ADD	DWORD [-32+EBP],ECX
   482 0000042D FF 4D EC                        	DEC	DWORD [-20+EBP]
   483 00000430 79 BE                           	JNS	L48
   484 00000432 6A 15                           	PUSH	21
   485 00000434 51                              	PUSH	ECX
   486 00000435 6A 03                           	PUSH	3
   487 00000437 6A 03                           	PUSH	3
   488 00000439 FF 75 08                        	PUSH	DWORD [8+EBP]
   489 0000043C E8 [00000000]                   	CALL	_sheet_refresh
   490 00000441 8D 65 F4                        	LEA	ESP,DWORD [-12+EBP]
   491 00000444 5B                              	POP	EBX
   492 00000445 5E                              	POP	ESI
   493 00000446 5F                              	POP	EDI
   494 00000447 5D                              	POP	EBP
   495 00000448 C3                              	RET
   496 00000449                                 L54:
   497 00000449 8A 55 EA                        	MOV	DL,BYTE [-22+EBP]
   498 0000044C EB CB                           	JMP	L45
   499 0000044E                                 L53:
   500 0000044E 8D 41 EA                        	LEA	EAX,DWORD [-22+ECX]
   501 00000451 39 45 F0                        	CMP	DWORD [-16+EBP],EAX
   502 00000454 7F BE                           	JG	L44
   503 00000456 8A 55 EB                        	MOV	DL,BYTE [-21+EBP]
   504 00000459 EB BE                           	JMP	L45
   505 0000045B                                 L34:
   506 0000045B C6 45 EB 08                     	MOV	BYTE [-21+EBP],8
   507 0000045F C6 45 EA 0F                     	MOV	BYTE [-22+EBP],15
   508 00000463 C6 45 E9 07                     	MOV	BYTE [-23+EBP],7
   509 00000467 C6 45 E8 0C                     	MOV	BYTE [-24+EBP],12
   510 0000046B E9 FFFFFF73                     	JMP	L35
